<?xml version="1.0" encoding="UTF-8"?>
<!-- Generated by org.testng.reporters.JUnitXMLReporter -->
<testsuite hostname="DESKTOP-IEF4B25" ignored="0" name="Command line test" tests="6" failures="0" timestamp="2021-10-13T10:44:32 IST" time="0.122" errors="0">
  <testcase name="Nativandroid" time="0.009" classname="qaclickacademy.AppiumTest"/>
  <testcase name="heit" time="0.001" classname="qaclickacademy.AppiumTest"/>
  <testcase name="deleteTwitter" time="0.001" classname="qaclickacademy.RESAPITest"/>
  <testcase name="postJia" time="0.001" classname="qaclickacademy.RESAPITest"/>
  <testcase name="BrowserAuto" time="0.0" classname="qaclickacademy.seleniumTest"/>
  <testcase name="ElementUi" time="0.001" classname="qaclickacademy.seleniumTest"/>
</testsuite> <!-- Command line test -->
