<?xml version="1.0" encoding="UTF-8"?>
<!-- Generated by org.testng.reporters.JUnitXMLReporter -->
<testsuite ignored="0" hostname="DESKTOP-IEF4B25" failures="0" tests="4" name="Test" time="0.077" errors="0" timestamp="2021-10-06T10:51:45 IST">
  <testcase classname="qaclickacademy.AppiumTest" name="Nativandroid" time="0.006"/>
  <testcase classname="qaclickacademy.AppiumTest" name="heit" time="0.001"/>
  <testcase classname="qaclickacademy.seleniumTest" name="BrowserAuto" time="0.001"/>
  <testcase classname="qaclickacademy.seleniumTest" name="ElementUi" time="0.001"/>
</testsuite> <!-- Test -->
