<?xml version="1.0" encoding="UTF-8"?>
<testng-results ignored="0" total="2" passed="2" failed="0" skipped="0">
  <reporter-output>
  </reporter-output>
  <suite started-at="2021-10-13T10:20:45 IST" name="Default suite" finished-at="2021-10-13T10:20:45 IST" duration-ms="127">
    <groups>
    </groups>
    <test started-at="2021-10-13T10:20:45 IST" name="Default test" finished-at="2021-10-13T10:20:45 IST" duration-ms="127">
      <class name="qaclickacademy.AppiumTest">
        <test-method signature="Nativandroid()[pri:0, instance:qaclickacademy.AppiumTest@b62d79]" started-at="2021-10-13T10:20:45 IST" name="Nativandroid" finished-at="2021-10-13T10:20:45 IST" duration-ms="16" status="PASS">
          <reporter-output>
          </reporter-output>
        </test-method> <!-- Nativandroid -->
        <test-method signature="heit()[pri:0, instance:qaclickacademy.AppiumTest@b62d79]" started-at="2021-10-13T10:20:45 IST" name="heit" finished-at="2021-10-13T10:20:45 IST" duration-ms="3" status="PASS">
          <reporter-output>
          </reporter-output>
        </test-method> <!-- heit -->
      </class> <!-- qaclickacademy.AppiumTest -->
    </test> <!-- Default test -->
  </suite> <!-- Default suite -->
</testng-results>
